
SQL*Loader: Release 11.2.0.2.0 - Production on Thu Jul 7 22:19:44 2022

Copyright (c) 1982, 2009, Oracle and/or its affiliates.  All rights reserved.

Control File:   D:\Learning_journy\SQL_PL_SQL\Learning_programs\Oracle\SQL\load_sales.ctl
Data File:      D:\Learning_journy\SQL_PL_SQL\Learning_programs\Oracle\SQL\Sample_Sales Records.csv
  Bad File:     D:\Learning_journy\SQL_PL_SQL\Learning_programs\Oracle\SQL\Sample_Sales Records.bad
  Discard File:  none specified
 
 (Allow all discards)

Number to load: ALL
Number to skip: 1
Errors allowed: 50
Bind array:     64 rows, maximum of 256000 bytes
Continuation:    none specified
Path used:      Conventional

Table SALES, loaded from every logical record.
Insert option in effect for this table: TRUNCATE

   Column Name                  Position   Len  Term Encl Datatype
------------------------------ ---------- ----- ---- ---- ---------------------
REGION                              FIRST     *   ,       CHARACTER            
COUNTRY                              NEXT     *   ,       CHARACTER            
ITEM_TYPE                            NEXT     *   ,       CHARACTER            
SALES_CHANNEL                        NEXT     *   ,       CHARACTER            
ORDER_PRIORITY                       NEXT     *   ,       CHARACTER            
ORDER_DATE                           NEXT     *   ,       CHARACTER            
ORDER_ID                             NEXT     *   ,       CHARACTER            
SHIP_DATE                            NEXT     *   ,       CHARACTER            
UNITS_SOLD                           NEXT     *   ,       CHARACTER            
UNIT_PRICE                           NEXT     *   ,       CHARACTER            
UNIT_COST                            NEXT     *   ,       CHARACTER            
TOTAL_REVENUE                        NEXT     *   ,       CHARACTER            
TOTAL_COST                           NEXT     *   ,       CHARACTER            
TOTAL_PROFIT                         NEXT     *   ,       CHARACTER            


Table SALES:
  100 Rows successfully loaded.
  0 Rows not loaded due to data errors.
  0 Rows not loaded because all WHEN clauses were failed.
  0 Rows not loaded because all fields were null.


Space allocated for bind array:                 231168 bytes(64 rows)
Read   buffer bytes: 1048576

Total logical records skipped:          1
Total logical records read:           100
Total logical records rejected:         0
Total logical records discarded:        0

Run began on Thu Jul 07 22:19:44 2022
Run ended on Thu Jul 07 22:19:44 2022

Elapsed time was:     00:00:00.06
CPU time was:         00:00:00.03
